Arguments: 
  /usr/local/bin/node /usr/local/bin/yarn install

PATH: 
  /usr/local/bin:/usr/bin:/bin:/usr/sbin:/sbin:/opt/puppetlabs/bin:/opt/X11/bin

Yarn version: 
  1.5.1

Node version: 
  8.11.1

Platform: 
  darwin x64

npm manifest: 
  {
    "name": "atlas-workspace",
    "description": "Atlas's workspace package",
    "author": "Connexta LLC",
    "private": true,
    "repository": {
      "type": "git",
      "url": "git@github.com:connexta/atlas.git"
    },
    "workspaces": [
      "packages/*"
    ],
    "devDependencies": {
      "@types/react": "16.4.16",
      "@types/react-dom": "16.0.9"
    },
    "peerDependencies": {
      "react": "16.5.2",
      "react-dom": "16.5.2"
    }
  }

yarn manifest: 
  No manifest

Lockfile: 
  # THIS IS AN AUTOGENERATED FILE. DO NOT EDIT THIS FILE DIRECTLY.
  # yarn lockfile v1
  
  
  "@types/node@*":
    version "10.11.7"
    resolved "https://registry.yarnpkg.com/@types/node/-/node-10.11.7.tgz#0e75ca9357d646ca754016ca1d68a127ad7e7300"
  
  "@types/prop-types@*":
    version "15.5.6"
    resolved "https://registry.yarnpkg.com/@types/prop-types/-/prop-types-15.5.6.tgz#9c03d3fed70a8d517c191b7734da2879b50ca26c"
  
  "@types/react-dom@16.0.9":
    version "16.0.9"
    resolved "https://registry.yarnpkg.com/@types/react-dom/-/react-dom-16.0.9.tgz#73ceb7abe6703822eab6600e65c5c52efd07fb91"
    dependencies:
      "@types/node" "*"
      "@types/react" "*"
  
  "@types/react@*", "@types/react@16.4.16":
    version "16.4.16"
    resolved "https://registry.yarnpkg.com/@types/react/-/react-16.4.16.tgz#99f91b1200ae8c2062030402006d3b3c3a177043"
    dependencies:
      "@types/prop-types" "*"
      csstype "^2.2.0"
  
  csstype@^2.2.0:
    version "2.5.7"
    resolved "https://registry.yarnpkg.com/csstype/-/csstype-2.5.7.tgz#bf9235d5872141eccfb2d16d82993c6b149179ff"
  
  "js-tokens@^3.0.0 || ^4.0.0":
    version "4.0.0"
    resolved "https://registry.yarnpkg.com/js-tokens/-/js-tokens-4.0.0.tgz#19203fb59991df98e3a287050d4647cdeaf32499"
  
  loose-envify@^1.1.0, loose-envify@^1.3.1:
    version "1.4.0"
    resolved "https://registry.yarnpkg.com/loose-envify/-/loose-envify-1.4.0.tgz#71ee51fa7be4caec1a63839f7e682d8132d30caf"
    dependencies:
      js-tokens "^3.0.0 || ^4.0.0"
  
  object-assign@^4.1.1:
    version "4.1.1"
    resolved "https://registry.yarnpkg.com/object-assign/-/object-assign-4.1.1.tgz#2109adc7965887cfc05cbbd442cac8bfbb360863"
  
  prop-types@^15.6.2:
    version "15.6.2"
    resolved "https://registry.yarnpkg.com/prop-types/-/prop-types-15.6.2.tgz#05d5ca77b4453e985d60fc7ff8c859094a497102"
    dependencies:
      loose-envify "^1.3.1"
      object-assign "^4.1.1"
  
  react-dom@16.5.2:
    version "16.5.2"
    resolved "https://registry.yarnpkg.com/react-dom/-/react-dom-16.5.2.tgz#b69ee47aa20bab5327b2b9d7c1fe2a30f2cfa9d7"
    dependencies:
      loose-envify "^1.1.0"
      object-assign "^4.1.1"
      prop-types "^15.6.2"
      schedule "^0.5.0"
  
  schedule@^0.5.0:
    version "0.5.0"
    resolved "https://registry.yarnpkg.com/schedule/-/schedule-0.5.0.tgz#c128fffa0b402488b08b55ae74bb9df55cc29cc8"
    dependencies:
      object-assign "^4.1.1"

Trace: 
  TypeError: Invalid Version: 0.1
      at new SemVer (/usr/local/lib/node_modules/yarn/lib/cli.js:2781:11)
      at Range.module.exports.Range.test (/usr/local/lib/node_modules/yarn/lib/cli.js:3524:15)
      at Function.satisfies (/usr/local/lib/node_modules/yarn/lib/cli.js:3573:16)
      at WorkspaceLayout.getManifestByPattern (/usr/local/lib/node_modules/yarn/lib/cli.js:34587:31)
      at Function.isWorkspace (/usr/local/lib/node_modules/yarn/lib/cli.js:94218:51)
      at PackageRequest.findVersionInfo (/usr/local/lib/node_modules/yarn/lib/cli.js:36363:74)
      at PackageRequest.<anonymous> (/usr/local/lib/node_modules/yarn/lib/cli.js:36410:29)
      at Generator.next (<anonymous>)
      at step (/usr/local/lib/node_modules/yarn/lib/cli.js:98:30)
      at /usr/local/lib/node_modules/yarn/lib/cli.js:116:14
